# JRE version: OpenJDK Runtime Environment (8.0_265-b01) (build 1.8.0_265-b01)
# Java VM: OpenJDK 64-Bit Server VM (25.265-b01 mixed mode windows-amd64 compressed oops)
Heap:
 PSYoungGen      total 691200K, used 398144K [0x00000000d5580000, 0x0000000100000000, 0x0000000100000000)
  eden space 683520K, 57% used [0x00000000d5580000,0x00000000ed490738,0x00000000ff100000)
  from space 7680K, 76% used [0x00000000ff100000,0x00000000ff6bfac0,0x00000000ff880000)
  to   space 7680K, 0% used [0x00000000ff880000,0x00000000ff880000,0x0000000100000000)
 ParOldGen       total 155136K, used 115065K [0x0000000080000000, 0x0000000089780000, 0x00000000d5580000)
  object space 155136K, 74% used [0x0000000080000000,0x000000008705e410,0x0000000089780000)
 Metaspace       used 138844K, capacity 147967K, committed 148224K, reserved 1177600K
  class space    used 18283K, capacity 20409K, committed 20480K, reserved 1048576K
GC Heap History (10 events):
Event: 578388.570 GC heap before
{Heap before GC invocations=4710 (full 71):
 PSYoungGen      total 691200K, used 690646K [0x00000000d5580000, 0x0000000100000000, 0x0000000100000000)
  eden space 684544K, 100% used [0x00000000d5580000,0x00000000ff200000,0x00000000ff200000)
  from space 6656K, 91% used [0x00000000ff980000,0x00000000fff75ab8,0x0000000100000000)
  to   space 7168K, 0% used [0x00000000ff200000,0x00000000ff200000,0x00000000ff900000)
 ParOldGen       total 155136K, used 114873K [0x0000000080000000, 0x0000000089780000, 0x00000000d5580000)
  object space 155136K, 74% used [0x0000000080000000,0x000000008702e410,0x0000000089780000)
 Metaspace       used 138844K, capacity 147967K, committed 148224K, reserved 1177600K
  class space    used 18283K, capacity 20409K, committed 20480K, reserved 1048576K
Event: 578388.577 GC heap after
Heap after GC invocations=4710 (full 71):
 PSYoungGen      total 690688K, used 5918K [0x00000000d5580000, 0x0000000100000000, 0x0000000100000000)
  eden space 684544K, 0% used [0x00000000d5580000,0x00000000d5580000,0x00000000ff200000)
  from space 6144K, 96% used [0x00000000ff200000,0x00000000ff7c7820,0x00000000ff800000)
  to   space 7680K, 0% used [0x00000000ff880000,0x00000000ff880000,0x0000000100000000)
 ParOldGen       total 155136K, used 114905K [0x0000000080000000, 0x0000000089780000, 0x00000000d5580000)
  object space 155136K, 74% used [0x0000000080000000,0x0000000087036410,0x0000000089780000)
 Metaspace       used 138844K, capacity 147967K, committed 148224K, reserved 1177600K
  class space    used 18283K, capacity 20409K, committed 20480K, reserved 1048576K
}
Event: 578513.317 GC heap before
{Heap before GC invocations=4711 (full 71):
 PSYoungGen      total 690688K, used 690462K [0x00000000d5580000, 0x0000000100000000, 0x0000000100000000)
  eden space 684544K, 100% used [0x00000000d5580000,0x00000000ff200000,0x00000000ff200000)
  from space 6144K, 96% used [0x00000000ff200000,0x00000000ff7c7820,0x00000000ff800000)
  to   space 7680K, 0% used [0x00000000ff880000,0x00000000ff880000,0x0000000100000000)
 ParOldGen       total 155136K, used 114905K [0x0000000080000000, 0x0000000089780000, 0x00000000d5580000)
  object space 155136K, 74% used [0x0000000080000000,0x0000000087036410,0x0000000089780000)
 Metaspace       used 138844K, capacity 147967K, committed 148224K, reserved 1177600K
  class space    used 18283K, capacity 20409K, committed 20480K, reserved 1048576K
Event: 578513.327 GC heap after
Heap after GC invocations=4711 (full 71):
 PSYoungGen      total 691200K, used 5886K [0x00000000d5580000, 0x0000000100000000, 0x0000000100000000)
  eden space 683520K, 0% used [0x00000000d5580000,0x00000000d5580000,0x00000000ff100000)
  from space 7680K, 76% used [0x00000000ff880000,0x00000000ffe3f820,0x0000000100000000)
  to   space 7680K, 0% used [0x00000000ff100000,0x00000000ff100000,0x00000000ff880000)
 ParOldGen       total 155136K, used 114937K [0x0000000080000000, 0x0000000089780000, 0x00000000d5580000)
  object space 155136K, 74% used [0x0000000080000000,0x000000008703e410,0x0000000089780000)
 Metaspace       used 138844K, capacity 147967K, committed 148224K, reserved 1177600K
  class space    used 18283K, capacity 20409K, committed 20480K, reserved 1048576K
}
Event: 578638.804 GC heap before
{Heap before GC invocations=4712 (full 71):
 PSYoungGen      total 691200K, used 689406K [0x00000000d5580000, 0x0000000100000000, 0x0000000100000000)
  eden space 683520K, 100% used [0x00000000d5580000,0x00000000ff100000,0x00000000ff100000)
  from space 7680K, 76% used [0x00000000ff880000,0x00000000ffe3f820,0x0000000100000000)
  to   space 7680K, 0% used [0x00000000ff100000,0x00000000ff100000,0x00000000ff880000)
 ParOldGen       total 155136K, used 114937K [0x0000000080000000, 0x0000000089780000, 0x00000000d5580000)
  object space 155136K, 74% used [0x0000000080000000,0x000000008703e410,0x0000000089780000)
 Metaspace       used 138844K, capacity 147967K, committed 148224K, reserved 1177600K
  class space    used 18283K, capacity 20409K, committed 20480K, reserved 1048576K
Event: 578638.812 GC heap after
Heap after GC invocations=4712 (full 71):
 PSYoungGen      total 691200K, used 5952K [0x00000000d5580000, 0x0000000100000000, 0x0000000100000000)
  eden space 683520K, 0% used [0x00000000d5580000,0x00000000d5580000,0x00000000ff100000)
  from space 7680K, 77% used [0x00000000ff100000,0x00000000ff6d00f8,0x00000000ff880000)
  to   space 7680K, 0% used [0x00000000ff880000,0x00000000ff880000,0x0000000100000000)
 ParOldGen       total 155136K, used 114969K [0x0000000080000000, 0x0000000089780000, 0x00000000d5580000)
  object space 155136K, 74% used [0x0000000080000000,0x0000000087046410,0x0000000089780000)
 Metaspace       used 138844K, capacity 147967K, committed 148224K, reserved 1177600K
  class space    used 18283K, capacity 20409K, committed 20480K, reserved 1048576K
}
Event: 578763.500 GC heap before
{Heap before GC invocations=4713 (full 71):
 PSYoungGen      total 691200K, used 689472K [0x00000000d5580000, 0x0000000100000000, 0x0000000100000000)
  eden space 683520K, 100% used [0x00000000d5580000,0x00000000ff100000,0x00000000ff100000)
  from space 7680K, 77% used [0x00000000ff100000,0x00000000ff6d00f8,0x00000000ff880000)
  to   space 7680K, 0% used [0x00000000ff880000,0x00000000ff880000,0x0000000100000000)
 ParOldGen       total 155136K, used 114969K [0x0000000080000000, 0x0000000089780000, 0x00000000d5580000)
  object space 155136K, 74% used [0x0000000080000000,0x0000000087046410,0x0000000089780000)
 Metaspace       used 138844K, capacity 147967K, committed 148224K, reserved 1177600K
  class space    used 18283K, capacity 20409K, committed 20480K, reserved 1048576K
Event: 578763.524 GC heap after
Heap after GC invocations=4713 (full 71):
 PSYoungGen      total 691200K, used 6043K [0x00000000d5580000, 0x0000000100000000, 0x0000000100000000)
  eden space 683520K, 0% used [0x00000000d5580000,0x00000000d5580000,0x00000000ff100000)
  from space 7680K, 78% used [0x00000000ff880000,0x00000000ffe66c10,0x0000000100000000)
  to   space 7680K, 0% used [0x00000000ff100000,0x00000000ff100000,0x00000000ff880000)
 ParOldGen       total 155136K, used 115009K [0x0000000080000000, 0x0000000089780000, 0x00000000d5580000)
  object space 155136K, 74% used [0x0000000080000000,0x0000000087050410,0x0000000089780000)
 Metaspace       used 138844K, capacity 147967K, committed 148224K, reserved 1177600K
  class space    used 18283K, capacity 20409K, committed 20480K, reserved 1048576K
}
Event: 578888.541 GC heap before
{Heap before GC invocations=4714 (full 71):
 PSYoungGen      total 691200K, used 689563K [0x00000000d5580000, 0x0000000100000000, 0x0000000100000000)
  eden space 683520K, 100% used [0x00000000d5580000,0x00000000ff100000,0x00000000ff100000)
  from space 7680K, 78% used [0x00000000ff880000,0x00000000ffe66c10,0x0000000100000000)
  to   space 7680K, 0% used [0x00000000ff100000,0x00000000ff100000,0x00000000ff880000)
 ParOldGen       total 155136K, used 115009K [0x0000000080000000, 0x0000000089780000, 0x00000000d5580000)
  object space 155136K, 74% used [0x0000000080000000,0x0000000087050410,0x0000000089780000)
 Metaspace       used 138844K, capacity 147967K, committed 148224K, reserved 1177600K
  class space    used 18283K, capacity 20409K, committed 20480K, reserved 1048576K
Event: 578888.579 GC heap after
Heap after GC invocations=4714 (full 71):
 PSYoungGen      total 691200K, used 5886K [0x00000000d5580000, 0x0000000100000000, 0x0000000100000000)
  eden space 683520K, 0% used [0x00000000d5580000,0x00000000d5580000,0x00000000ff100000)
  from space 7680K, 76% used [0x00000000ff100000,0x00000000ff6bfac0,0x00000000ff880000)
  to   space 7680K, 0% used [0x00000000ff880000,0x00000000ff880000,0x0000000100000000)
 ParOldGen       total 155136K, used 115065K [0x0000000080000000, 0x0000000089780000, 0x00000000d5580000)
  object space 155136K, 74% used [0x0000000080000000,0x000000008705e410,0x0000000089780000)
 Metaspace       used 138844K, capacity 147967K, committed 148224K, reserved 1177600K
  class space    used 18283K, capacity 20409K, committed 20480K, reserved 1048576K
}

