# JRE version: OpenJDK Runtime Environment (8.0_265-b01) (build 1.8.0_265-b01)
# Java VM: OpenJDK 64-Bit Server VM (25.265-b01 mixed mode windows-amd64 compressed oops)
Heap:
 PSYoungGen      total 455168K, used 358537K [0x00000000d5580000, 0x00000000fe880000, 0x0000000100000000)
  eden space 452096K, 78% used [0x00000000d5580000,0x00000000eb0e28b8,0x00000000f0f00000)
  from space 3072K, 91% used [0x00000000fe580000,0x00000000fe83fb58,0x00000000fe880000)
  to   space 5632K, 0% used [0x00000000fdd80000,0x00000000fdd80000,0x00000000fe300000)
 ParOldGen       total 228352K, used 173030K [0x0000000080000000, 0x000000008df00000, 0x00000000d5580000)
  object space 228352K, 75% used [0x0000000080000000,0x000000008a8f9b10,0x000000008df00000)
 Metaspace       used 145383K, capacity 155323K, committed 155736K, reserved 1183744K
  class space    used 18977K, capacity 21307K, committed 21376K, reserved 1048576K
GC Heap History (10 events):
Event: 657330.534 GC heap before
{Heap before GC invocations=9361 (full 157):
 PSYoungGen      total 571904K, used 571059K [0x00000000d5580000, 0x00000000ff580000, 0x0000000100000000)
  eden space 568320K, 99% used [0x00000000d5580000,0x00000000f800f670,0x00000000f8080000)
  from space 3584K, 89% used [0x00000000fec80000,0x00000000fef9d740,0x00000000ff000000)
  to   space 5632K, 0% used [0x00000000ff000000,0x00000000ff000000,0x00000000ff580000)
 ParOldGen       total 228352K, used 172974K [0x0000000080000000, 0x000000008df00000, 0x00000000d5580000)
  object space 228352K, 75% used [0x0000000080000000,0x000000008a8ebb10,0x000000008df00000)
 Metaspace       used 145383K, capacity 155323K, committed 155736K, reserved 1183744K
  class space    used 18977K, capacity 21307K, committed 21376K, reserved 1048576K
Event: 657330.544 GC heap after
Heap after GC invocations=9361 (full 157):
 PSYoungGen      total 546304K, used 3221K [0x00000000d5580000, 0x00000000ff380000, 0x0000000100000000)
  eden space 542720K, 0% used [0x00000000d5580000,0x00000000d5580000,0x00000000f6780000)
  from space 3584K, 89% used [0x00000000ff000000,0x00000000ff3257a8,0x00000000ff380000)
  to   space 6144K, 0% used [0x00000000fe780000,0x00000000fe780000,0x00000000fed80000)
 ParOldGen       total 228352K, used 172974K [0x0000000080000000, 0x000000008df00000, 0x00000000d5580000)
  object space 228352K, 75% used [0x0000000080000000,0x000000008a8ebb10,0x000000008df00000)
 Metaspace       used 145383K, capacity 155323K, committed 155736K, reserved 1183744K
  class space    used 18977K, capacity 21307K, committed 21376K, reserved 1048576K
}
Event: 657440.357 GC heap before
{Heap before GC invocations=9362 (full 157):
 PSYoungGen      total 546304K, used 545941K [0x00000000d5580000, 0x00000000ff380000, 0x0000000100000000)
  eden space 542720K, 100% used [0x00000000d5580000,0x00000000f6780000,0x00000000f6780000)
  from space 3584K, 89% used [0x00000000ff000000,0x00000000ff3257a8,0x00000000ff380000)
  to   space 6144K, 0% used [0x00000000fe780000,0x00000000fe780000,0x00000000fed80000)
 ParOldGen       total 228352K, used 172974K [0x0000000080000000, 0x000000008df00000, 0x00000000d5580000)
  object space 228352K, 75% used [0x0000000080000000,0x000000008a8ebb10,0x000000008df00000)
 Metaspace       used 145383K, capacity 155323K, committed 155736K, reserved 1183744K
  class space    used 18977K, capacity 21307K, committed 21376K, reserved 1048576K
Event: 657440.369 GC heap after
Heap after GC invocations=9362 (full 157):
 PSYoungGen      total 521216K, used 2846K [0x00000000d5580000, 0x00000000ff080000, 0x0000000100000000)
  eden space 518144K, 0% used [0x00000000d5580000,0x00000000d5580000,0x00000000f4f80000)
  from space 3072K, 92% used [0x00000000fe780000,0x00000000fea47ae8,0x00000000fea80000)
  to   space 6144K, 0% used [0x00000000fea80000,0x00000000fea80000,0x00000000ff080000)
 ParOldGen       total 228352K, used 172974K [0x0000000080000000, 0x000000008df00000, 0x00000000d5580000)
  object space 228352K, 75% used [0x0000000080000000,0x000000008a8ebb10,0x000000008df00000)
 Metaspace       used 145383K, capacity 155323K, committed 155736K, reserved 1183744K
  class space    used 18977K, capacity 21307K, committed 21376K, reserved 1048576K
}
Event: 657544.415 GC heap before
{Heap before GC invocations=9363 (full 157):
 PSYoungGen      total 521216K, used 520039K [0x00000000d5580000, 0x00000000ff080000, 0x0000000100000000)
  eden space 518144K, 99% used [0x00000000d5580000,0x00000000f4e92258,0x00000000f4f80000)
  from space 3072K, 92% used [0x00000000fe780000,0x00000000fea47ae8,0x00000000fea80000)
  to   space 6144K, 0% used [0x00000000fea80000,0x00000000fea80000,0x00000000ff080000)
 ParOldGen       total 228352K, used 172974K [0x0000000080000000, 0x000000008df00000, 0x00000000d5580000)
  object space 228352K, 75% used [0x0000000080000000,0x000000008a8ebb10,0x000000008df00000)
 Metaspace       used 145383K, capacity 155323K, committed 155736K, reserved 1183744K
  class space    used 18977K, capacity 21307K, committed 21376K, reserved 1048576K
Event: 657544.432 GC heap after
Heap after GC invocations=9363 (full 157):
 PSYoungGen      total 498688K, used 3254K [0x00000000d5580000, 0x00000000fee00000, 0x0000000100000000)
  eden space 495104K, 0% used [0x00000000d5580000,0x00000000d5580000,0x00000000f3900000)
  from space 3584K, 90% used [0x00000000fea80000,0x00000000fedad818,0x00000000fee00000)
  to   space 6144K, 0% used [0x00000000fe200000,0x00000000fe200000,0x00000000fe800000)
 ParOldGen       total 228352K, used 172974K [0x0000000080000000, 0x000000008df00000, 0x00000000d5580000)
  object space 228352K, 75% used [0x0000000080000000,0x000000008a8ebb10,0x000000008df00000)
 Metaspace       used 145383K, capacity 155323K, committed 155736K, reserved 1183744K
  class space    used 18977K, capacity 21307K, committed 21376K, reserved 1048576K
}
Event: 657645.141 GC heap before
{Heap before GC invocations=9364 (full 157):
 PSYoungGen      total 498688K, used 497694K [0x00000000d5580000, 0x00000000fee00000, 0x0000000100000000)
  eden space 495104K, 99% used [0x00000000d5580000,0x00000000f385a1c0,0x00000000f3900000)
  from space 3584K, 90% used [0x00000000fea80000,0x00000000fedad818,0x00000000fee00000)
  to   space 6144K, 0% used [0x00000000fe200000,0x00000000fe200000,0x00000000fe800000)
 ParOldGen       total 228352K, used 172974K [0x0000000080000000, 0x000000008df00000, 0x00000000d5580000)
  object space 228352K, 75% used [0x0000000080000000,0x000000008a8ebb10,0x000000008df00000)
 Metaspace       used 145383K, capacity 155323K, committed 155736K, reserved 1183744K
  class space    used 18977K, capacity 21307K, committed 21376K, reserved 1048576K
Event: 657645.151 GC heap after
Heap after GC invocations=9364 (full 157):
 PSYoungGen      total 476160K, used 2846K [0x00000000d5580000, 0x00000000feb00000, 0x0000000100000000)
  eden space 473088K, 0% used [0x00000000d5580000,0x00000000d5580000,0x00000000f2380000)
  from space 3072K, 92% used [0x00000000fe200000,0x00000000fe4c7b58,0x00000000fe500000)
  to   space 5632K, 0% used [0x00000000fe580000,0x00000000fe580000,0x00000000feb00000)
 ParOldGen       total 228352K, used 173006K [0x0000000080000000, 0x000000008df00000, 0x00000000d5580000)
  object space 228352K, 75% used [0x0000000080000000,0x000000008a8f3b10,0x000000008df00000)
 Metaspace       used 145383K, capacity 155323K, committed 155736K, reserved 1183744K
  class space    used 18977K, capacity 21307K, committed 21376K, reserved 1048576K
}
Event: 657741.552 GC heap before
{Heap before GC invocations=9365 (full 157):
 PSYoungGen      total 476160K, used 475797K [0x00000000d5580000, 0x00000000feb00000, 0x0000000100000000)
  eden space 473088K, 99% used [0x00000000d5580000,0x00000000f235dc60,0x00000000f2380000)
  from space 3072K, 92% used [0x00000000fe200000,0x00000000fe4c7b58,0x00000000fe500000)
  to   space 5632K, 0% used [0x00000000fe580000,0x00000000fe580000,0x00000000feb00000)
 ParOldGen       total 228352K, used 173006K [0x0000000080000000, 0x000000008df00000, 0x00000000d5580000)
  object space 228352K, 75% used [0x0000000080000000,0x000000008a8f3b10,0x000000008df00000)
 Metaspace       used 145383K, capacity 155323K, committed 155736K, reserved 1183744K
  class space    used 18977K, capacity 21307K, committed 21376K, reserved 1048576K
Event: 657741.563 GC heap after
Heap after GC invocations=9365 (full 157):
 PSYoungGen      total 455168K, used 2814K [0x00000000d5580000, 0x00000000fe880000, 0x0000000100000000)
  eden space 452096K, 0% used [0x00000000d5580000,0x00000000d5580000,0x00000000f0f00000)
  from space 3072K, 91% used [0x00000000fe580000,0x00000000fe83fb58,0x00000000fe880000)
  to   space 5632K, 0% used [0x00000000fdd80000,0x00000000fdd80000,0x00000000fe300000)
 ParOldGen       total 228352K, used 173030K [0x0000000080000000, 0x000000008df00000, 0x00000000d5580000)
  object space 228352K, 75% used [0x0000000080000000,0x000000008a8f9b10,0x000000008df00000)
 Metaspace       used 145383K, capacity 155323K, committed 155736K, reserved 1183744K
  class space    used 18977K, capacity 21307K, committed 21376K, reserved 1048576K
}

